<?xml version="1.0" encoding="UTF-8" ?>
<testsuite errors="1" failures="0" hostname="QwErTyUiOp" name="com.fastsql.sql.select.test.SqlSimpleSelectObjectTest" tests="1" time="0.0090" timestamp="2012-05-29T00:02:30">
  <properties>
[...]
</properties>
  <testcase classname="com.fastsql.sql.select.test.SqlSimpleSelectObjectTest" name="test" time="0.0040">
    <error type="java.lang.NullPointerException">java.lang.NullPointerException
	at com.fastsql.sql.select.test.SqlSimpleSelectObjectTest.test(Unknown Source)
	at org.eclipse.ant.internal.launching.remote.EclipseDefaultExecutor.executeTargets(EclipseDefaultExecutor.java:32)
	at org.eclipse.ant.internal.launching.remote.InternalAntRunner.run(InternalAntRunner.java:424)
	at org.eclipse.ant.internal.launching.remote.InternalAntRunner.main(InternalAntRunner.java:138)
</error>
  </testcase>
  <system-out><![CDATA[Instanciando GoogleMySql:  SELECT idmenu, label, link, status, tipo, pai FROM menu
]]></system-out>
  <system-err><![CDATA[java.sql.SQLSyntaxErrorException: user lacks privilege or object not found: MENU
	at org.hsqldb.jdbc.Util.sqlException(Unknown Source)
	at org.hsqldb.jdbc.Util.sqlException(Unknown Source)
	at org.hsqldb.jdbc.JDBCPreparedStatement.<init>(Unknown Source)
	at org.hsqldb.jdbc.JDBCConnection.prepareStatement(Unknown Source)
	at com.fastsql.sql.util.HsqlDB.select(Unknown Source)
	at com.fastsql.sql.command.result.mode.HsqlDBResultMode.getResult(Unknown Source)
	at com.fastsql.sql.command.select.SelectImpl.execute(Unknown Source)
	at com.fastsql.sql.command.select.SelectImpl.execute(Unknown Source)
	at com.fastsql.sql.select.test.SqlSimpleSelectObjectTest.test(Unknown Source)
	at sun.reflect.NativeMethodAccessorImpl.invoke0(Native Method)
	at sun.reflect.NativeMethodAccessorImpl.invoke(NativeMethodAccessorImpl.java:39)
	at sun.reflect.DelegatingMethodAccessorImpl.invoke(DelegatingMethodAccessorImpl.java:25)
	at java.lang.reflect.Method.invoke(Method.java:597)
	at org.junit.runners.model.FrameworkMethod$1.runReflectiveCall(FrameworkMethod.java:45)
	at org.junit.internal.runners.model.ReflectiveCallable.run(ReflectiveCallable.java:15)
	at org.junit.runners.model.FrameworkMethod.invokeExplosively(FrameworkMethod.java:42)
	at org.junit.internal.runners.statements.InvokeMethod.evaluate(InvokeMethod.java:20)
	at org.junit.runners.ParentRunner.runLeaf(ParentRunner.java:263)
	at org.junit.runners.BlockJUnit4ClassRunner.runChild(BlockJUnit4ClassRunner.java:68)
	at org.junit.runners.BlockJUnit4ClassRunner.runChild(BlockJUnit4ClassRunner.java:47)
	at org.junit.runners.ParentRunner$3.run(ParentRunner.java:231)
	at org.junit.runners.ParentRunner$1.schedule(ParentRunner.java:60)
	at org.junit.runners.ParentRunner.runChildren(ParentRunner.java:229)
	at org.junit.runners.ParentRunner.access$000(ParentRunner.java:50)
	at org.junit.runners.ParentRunner$2.evaluate(ParentRunner.java:222)
	at org.junit.internal.runners.statements.RunBefores.evaluate(RunBefores.java:28)
	at org.junit.internal.runners.statements.RunAfters.evaluate(RunAfters.java:30)
	at org.junit.runners.ParentRunner.run(ParentRunner.java:300)
	at junit.framework.JUnit4TestAdapter.run(JUnit4TestAdapter.java:39)
	at org.apache.tools.ant.taskdefs.optional.junit.JUnitTestRunner.run(JUnitTestRunner.java:518)
	at org.apache.tools.ant.taskdefs.optional.junit.JUnitTask.executeInVM(JUnitTask.java:1420)
	at org.apache.tools.ant.taskdefs.optional.junit.JUnitTask.execute(JUnitTask.java:848)
	at org.apache.tools.ant.taskdefs.optional.junit.JUnitTask.executeOrQueue(JUnitTask.java:1899)
	at org.apache.tools.ant.taskdefs.optional.junit.JUnitTask.execute(JUnitTask.java:800)
	at org.apache.tools.ant.UnknownElement.execute(UnknownElement.java:291)
	at sun.reflect.GeneratedMethodAccessor4.invoke(Unknown Source)
	at sun.reflect.DelegatingMethodAccessorImpl.invoke(DelegatingMethodAccessorImpl.java:25)
	at java.lang.reflect.Method.invoke(Method.java:597)
	at org.apache.tools.ant.dispatch.DispatchUtils.execute(DispatchUtils.java:106)
	at org.apache.tools.ant.Task.perform(Task.java:348)
	at org.apache.tools.ant.Target.execute(Target.java:390)
	at org.apache.tools.ant.Target.performTasks(Target.java:411)
	at org.apache.tools.ant.Project.executeSortedTargets(Project.java:1399)
	at org.apache.tools.ant.Project.executeTarget(Project.java:1368)
	at org.apache.tools.ant.helper.DefaultExecutor.executeTargets(DefaultExecutor.java:41)
	at org.eclipse.ant.internal.launching.remote.EclipseDefaultExecutor.executeTargets(EclipseDefaultExecutor.java:32)
	at org.apache.tools.ant.Project.executeTargets(Project.java:1251)
	at org.eclipse.ant.internal.launching.remote.InternalAntRunner.run(InternalAntRunner.java:424)
	at org.eclipse.ant.internal.launching.remote.InternalAntRunner.main(InternalAntRunner.java:138)
Caused by: org.hsqldb.HsqlException: user lacks privilege or object not found: MENU
	at org.hsqldb.error.Error.error(Unknown Source)
	at org.hsqldb.error.Error.error(Unknown Source)
	at org.hsqldb.SchemaManager.getTable(Unknown Source)
	at org.hsqldb.ParserDQL.readTableName(Unknown Source)
	at org.hsqldb.ParserDQL.readTableOrSubquery(Unknown Source)
	at org.hsqldb.ParserDQL.XreadTableReference(Unknown Source)
	at org.hsqldb.ParserDQL.XreadFromClause(Unknown Source)
	at org.hsqldb.ParserDQL.XreadTableExpression(Unknown Source)
	at org.hsqldb.ParserDQL.XreadQuerySpecification(Unknown Source)
	at org.hsqldb.ParserDQL.XreadSimpleTable(Unknown Source)
	at org.hsqldb.ParserDQL.XreadQueryPrimary(Unknown Source)
	at org.hsqldb.ParserDQL.XreadQueryTerm(Unknown Source)
	at org.hsqldb.ParserDQL.XreadQueryExpressionBody(Unknown Source)
	at org.hsqldb.ParserDQL.XreadQueryExpression(Unknown Source)
	at org.hsqldb.ParserDQL.compileCursorSpecification(Unknown Source)
	at org.hsqldb.ParserCommand.compilePart(Unknown Source)
	at org.hsqldb.ParserCommand.compileStatement(Unknown Source)
	at org.hsqldb.Session.compileStatement(Unknown Source)
	at org.hsqldb.StatementManager.compile(Unknown Source)
	at org.hsqldb.Session.execute(Unknown Source)
	... 47 more
]]></system-err>
</testsuite>
